Using pre-set license
Built from '2022.2/release' branch; Version is '2022.2.1f1 (4fead5835099) revision 5237461'; Using compiler version '192829333'; Build Type 'Release'
OS: 'Windows 11  (10.0.22621) 64bit Professional' Language: 'en' Physical Memory: 32676 MB
BatchMode: 1, IsHumanControllingUs: 0, StartBugReporterOnCrash: 0, Is64bit: 1, IsPro: 1

COMMAND LINE ARGUMENTS:
C:\Program Files\Unity\Hub\Editor\2022.2.1f1\Editor\Unity.exe
-adb2
-batchMode
-noUpm
-name
AssetImportWorker0
-projectPath
C:/Users/Cataids/Unity/DynamicAudio
-logFile
Logs/AssetImportWorker0.log
-srvPort
22887
Successfully changed project path to: C:/Users/Cataids/Unity/DynamicAudio
C:/Users/Cataids/Unity/DynamicAudio
[UnityMemory] Configuration Parameters - Can be set up in boot.config
    "memorysetup-bucket-allocator-granularity=16"
    "memorysetup-bucket-allocator-bucket-count=8"
    "memorysetup-bucket-allocator-block-size=33554432"
    "memorysetup-bucket-allocator-block-count=8"
    "memorysetup-main-allocator-block-size=16777216"
    "memorysetup-thread-allocator-block-size=16777216"
    "memorysetup-gfx-main-allocator-block-size=16777216"
    "memorysetup-gfx-thread-allocator-block-size=16777216"
    "memorysetup-cache-allocator-block-size=4194304"
    "memorysetup-typetree-allocator-block-size=2097152"
    "memorysetup-profiler-bucket-allocator-granularity=16"
    "memorysetup-profiler-bucket-allocator-bucket-count=8"
    "memorysetup-profiler-bucket-allocator-block-size=33554432"
    "memorysetup-profiler-bucket-allocator-block-count=8"
    "memorysetup-profiler-allocator-block-size=16777216"
    "memorysetup-profiler-editor-allocator-block-size=1048576"
    "memorysetup-temp-allocator-size-main=16777216"
    "memorysetup-job-temp-allocator-block-size=2097152"
    "memorysetup-job-temp-allocator-block-size-background=1048576"
    "memorysetup-job-temp-allocator-reduction-small-platforms=262144"
    "memorysetup-temp-allocator-size-background-worker=32768"
    "memorysetup-temp-allocator-size-job-worker=262144"
    "memorysetup-temp-allocator-size-preload-manager=33554432"
    "memorysetup-temp-allocator-size-nav-mesh-worker=65536"
    "memorysetup-temp-allocator-size-audio-worker=65536"
    "memorysetup-temp-allocator-size-cloud-worker=32768"
    "memorysetup-temp-allocator-size-gi-baking-worker=262144"
    "memorysetup-temp-allocator-size-gfx=262144"
Player connection [5908] Host "[IP] 192.168.188.21 [Port] 0 [Flags] 2 [Guid] 1326354557 [EditorId] 1326354557 [Version] 1048832 [Id] WindowsEditor(7,Desktop-Game) [Debug] 1 [PackageName] WindowsEditor [ProjectName] Editor" joined multi-casting on [225.0.0.222:54997]...

Player connection [5908] Host "[IP] 192.168.188.21 [Port] 0 [Flags] 2 [Guid] 1326354557 [EditorId] 1326354557 [Version] 1048832 [Id] WindowsEditor(7,Desktop-Game) [Debug] 1 [PackageName] WindowsEditor [ProjectName] Editor" joined alternative multi-casting on [225.0.0.222:34997]...

Refreshing native plugins compatible for Editor in 10.17 ms, found 3 plugins.
Preloading 0 native plugins for Editor in 0.00 ms.
Initialize engine version: 2022.2.1f1 (4fead5835099)
[Subsystems] Discovering subsystems at path C:/Program Files/Unity/Hub/Editor/2022.2.1f1/Editor/Data/Resources/UnitySubsystems
[Subsystems] Discovering subsystems at path C:/Users/Cataids/Unity/DynamicAudio/Assets
GfxDevice: creating device client; threaded=0; jobified=0
Direct3D:
    Version:  Direct3D 11.0 [level 11.1]
    Renderer: NVIDIA GeForce GTX 1080 (ID=0x1b80)
    Vendor:   NVIDIA
    VRAM:     8073 MB
    Driver:   31.0.15.3118
Initialize mono
Mono path[0] = 'C:/Program Files/Unity/Hub/Editor/2022.2.1f1/Editor/Data/Managed'
Mono path[1] = 'C:/Program Files/Unity/Hub/Editor/2022.2.1f1/Editor/Data/MonoBleedingEdge/lib/mono/unityjit-win32'
Mono config path = 'C:/Program Files/Unity/Hub/Editor/2022.2.1f1/Editor/Data/MonoBleedingEdge/etc'
Using monoOptions --debugger-agent=transport=dt_socket,embedding=1,server=y,suspend=n,address=127.0.0.1:56220
Begin MonoManager ReloadAssembly
Registering precompiled unity dll's ...
Register platform support module: C:/Program Files/Unity/Hub/Editor/2022.2.1f1/Editor/Data/PlaybackEngines/WindowsStandaloneSupport/UnityEditor.WindowsStandalone.Extensions.dll
Registered in 0.007439 seconds.
- Loaded All Assemblies, in  0.380 seconds
Native extension for WindowsStandalone target not found
Mono: successfully reloaded assembly
- Finished resetting the current domain, in  0.284 seconds
Domain Reload Profiling:
	ReloadAssembly (219ms)
		BeginReloadAssembly (81ms)
			ExecutionOrderSort (0ms)
			DisableScriptedObjects (0ms)
			BackupInstance (0ms)
			ReleaseScriptingObjects (0ms)
			CreateAndSetChildDomain (1ms)
		LoadAllAssembliesAndSetupDomain (0ms)
			LoadAssemblies (79ms)
			RebuildTransferFunctionScriptingTraits (0ms)
			SetupTypeCache (153ms)
				TypeCache.Initialize (152ms)
					TypeCache.ScanAssembly (151ms)
				ResolveRequiredComponents (0ms)
		FinalizeReload (0ms)
			ReleaseScriptCaches (0ms)
			RebuildScriptCaches (0ms)
			SetupLoadedEditorAssemblies (223ms)
				LogAssemblyErrors (0ms)
				InitializePlatformSupportModulesInManaged (9ms)
				SetLoadedEditorAssemblies (8ms)
				RefreshPlugins (0ms)
				BeforeProcessingInitializeOnLoad (1ms)
				ProcessInitializeOnLoadAttributes (152ms)
				ProcessInitializeOnLoadMethodAttributes (53ms)
				AfterProcessingInitializeOnLoad (0ms)
				EditorAssembliesLoaded (0ms)
			ExecutionOrderSort2 (0ms)
			AwakeInstancesAfterBackupRestoration (0ms)
========================================================================
Worker process is ready to serve import requests
Begin MonoManager ReloadAssembly
Symbol file LoadedFromMemory doesn't match image C:\Users\Cataids\Unity\DynamicAudio\Library\PackageCache\com.unity.visualscripting@1.7.8\Editor\VisualScripting.Core\Dependencies\YamlDotNet\Unity.VisualScripting.YamlDotNet.dll
Symbol file LoadedFromMemory doesn't match image C:\Users\Cataids\Unity\DynamicAudio\Library\PackageCache\com.unity.visualscripting@1.7.8\Editor\VisualScripting.Core\Dependencies\DotNetZip\Unity.VisualScripting.IonicZip.dll
- Loaded All Assemblies, in  0.845 seconds
Refreshing native plugins compatible for Editor in 3.58 ms, found 3 plugins.
Native extension for WindowsStandalone target not found
Mono: successfully reloaded assembly
- Finished resetting the current domain, in  0.555 seconds
Domain Reload Profiling:
	ReloadAssembly (237ms)
		BeginReloadAssembly (128ms)
			ExecutionOrderSort (0ms)
			DisableScriptedObjects (5ms)
			BackupInstance (0ms)
			ReleaseScriptingObjects (0ms)
			CreateAndSetChildDomain (21ms)
		LoadAllAssembliesAndSetupDomain (606ms)
			LoadAssemblies (90ms)
			RebuildTransferFunctionScriptingTraits (0ms)
			SetupTypeCache (571ms)
				TypeCache.Initialize (305ms)
					TypeCache.ScanAssembly (300ms)
				ResolveRequiredComponents (4ms)
		FinalizeReload (0ms)
			ReleaseScriptCaches (0ms)
			RebuildScriptCaches (0ms)
			SetupLoadedEditorAssemblies (390ms)
				LogAssemblyErrors (0ms)
				InitializePlatformSupportModulesInManaged (5ms)
				SetLoadedEditorAssemblies (8ms)
				RefreshPlugins (0ms)
				BeforeProcessingInitializeOnLoad (62ms)
				ProcessInitializeOnLoadAttributes (284ms)
				ProcessInitializeOnLoadMethodAttributes (25ms)
				AfterProcessingInitializeOnLoad (6ms)
				EditorAssembliesLoaded (0ms)
			ExecutionOrderSort2 (0ms)
			AwakeInstancesAfterBackupRestoration (8ms)
Launched and connected shader compiler UnityShaderCompiler.exe after 0.04 seconds
Refreshing native plugins compatible for Editor in 6.24 ms, found 3 plugins.
Preloading 0 native plugins for Editor in 0.00 ms.
Unloading 3381 Unused Serialized files (Serialized files now loaded: 0)
Unloading 26 unused Assets / (68.4 KB). Loaded Objects now: 3856.
Memory consumption went from 0.52 GB to 0.52 GB.
Total: 5.521100 ms (FindLiveObjects: 0.512700 ms CreateObjectMapping: 0.568600 ms MarkObjects: 3.995300 ms  DeleteObjects: 0.443100 ms)

AssetImportParameters requested are different than current active one (requested -> active):
  custom:container-demuxer-ogg: 62fdf1f143b41e24485cea50d1cbac27 -> 
  custom:video-decoder-ogg-theora: a1e56fd34408186e4bbccfd4996cb3dc -> 
  custom:framework-win-MediaFoundation: 216162199b28c13a410421893ffa2e32 -> 
  custom:container-demuxer-webm: 4f35f7cbe854078d1ac9338744f61a02 -> 
  custom:container-muxer-webm: aa71ff27fc2769a1b78a27578f13a17b -> 
  custom:video-decoder-webm-vp8: 9c59270c3fd7afecdb556c50c9e8de78 -> 
  custom:AudioImporter_EditorPlatform: d09bf68614088b80899f8185d706f6e7 -> 
  custom:video-encoder-webm-vp8: eb34c28f22e8b96e1ab97ce403110664 -> 
  custom:audio-decoder-ogg-vorbis: bf7c407c2cedff20999df2af8eb42d56 -> 
  custom:audio-encoder-webm-vorbis: bf7c407c2cedff20999df2af8eb42d56 -> 
========================================================================
Received Import Request.
  Time since last request: 614032.715511 seconds.
  path: ProjectSettings/TagManager.asset
  artifactKey: Guid(00000000000000003000000000000000) Importer(815301076,1909f56bfc062723c751e8b465ee728b)
Number of updated assets reloaded before import = 0
Start importing ProjectSettings/TagManager.asset using Guid(00000000000000003000000000000000) Importer(815301076,1909f56bfc062723c751e8b465ee728b)  -> (artifact id: '6cc541397077f2a343b64f42012ad313') in 0.049067 seconds 
Number of asset objects unloaded after import = 0
========================================================================
Received Import Request.
  Time since last request: 978.703809 seconds.
  path: Assets/Scripts
  artifactKey: Guid(95957cb2d2bbb1643b47253f8c3f1b9f) Importer(815301076,1909f56bfc062723c751e8b465ee728b)
Number of updated assets reloaded before import = 0
Start importing Assets/Scripts using Guid(95957cb2d2bbb1643b47253f8c3f1b9f) Importer(815301076,1909f56bfc062723c751e8b465ee728b)  -> (artifact id: '51264c300577ba066ad32fcdd4966701') in 0.005625 seconds 
Number of asset objects unloaded after import = 0
========================================================================
Received Import Request.
  Time since last request: 13.274485 seconds.
  path: Assets/Scripts/FootstepsManager.cs
  artifactKey: Guid(8729e16b243cd334e8b63efa18b044ae) Importer(815301076,1909f56bfc062723c751e8b465ee728b)
Number of updated assets reloaded before import = 0
Start importing Assets/Scripts/FootstepsManager.cs using Guid(8729e16b243cd334e8b63efa18b044ae) Importer(815301076,1909f56bfc062723c751e8b465ee728b)  -> (artifact id: '5908b07ecb939e7867a6768383b7e993') in 0.011561 seconds 
Number of asset objects unloaded after import = 0
========================================================================
Received Prepare
Begin MonoManager ReloadAssembly
Symbol file LoadedFromMemory doesn't match image C:\Users\Cataids\Unity\DynamicAudio\Library\PackageCache\com.unity.visualscripting@1.7.8\Editor\VisualScripting.Core\Dependencies\YamlDotNet\Unity.VisualScripting.YamlDotNet.dll
Symbol file LoadedFromMemory doesn't match image C:\Users\Cataids\Unity\DynamicAudio\Library\PackageCache\com.unity.visualscripting@1.7.8\Editor\VisualScripting.Core\Dependencies\DotNetZip\Unity.VisualScripting.IonicZip.dll
- Loaded All Assemblies, in  0.842 seconds
Refreshing native plugins compatible for Editor in 4.09 ms, found 3 plugins.
Native extension for WindowsStandalone target not found
Mono: successfully reloaded assembly
- Finished resetting the current domain, in  0.849 seconds
Domain Reload Profiling:
	ReloadAssembly (212ms)
		BeginReloadAssembly (140ms)
			ExecutionOrderSort (0ms)
			DisableScriptedObjects (9ms)
			BackupInstance (0ms)
			ReleaseScriptingObjects (0ms)
			CreateAndSetChildDomain (40ms)
		LoadAllAssembliesAndSetupDomain (627ms)
			LoadAssemblies (83ms)
			RebuildTransferFunctionScriptingTraits (0ms)
			SetupTypeCache (596ms)
				TypeCache.Initialize (324ms)
					TypeCache.ScanAssembly (317ms)
				ResolveRequiredComponents (7ms)
		FinalizeReload (0ms)
			ReleaseScriptCaches (0ms)
			RebuildScriptCaches (0ms)
			SetupLoadedEditorAssemblies (379ms)
				LogAssemblyErrors (0ms)
				InitializePlatformSupportModulesInManaged (14ms)
				SetLoadedEditorAssemblies (8ms)
				RefreshPlugins (0ms)
				BeforeProcessingInitializeOnLoad (63ms)
				ProcessInitializeOnLoadAttributes (256ms)
				ProcessInitializeOnLoadMethodAttributes (31ms)
				AfterProcessingInitializeOnLoad (7ms)
				EditorAssembliesLoaded (0ms)
			ExecutionOrderSort2 (0ms)
			AwakeInstancesAfterBackupRestoration (7ms)
Refreshing native plugins compatible for Editor in 3.26 ms, found 3 plugins.
Preloading 0 native plugins for Editor in 0.00 ms.
Unloading 3375 Unused Serialized files (Serialized files now loaded: 0)
Unloading 22 unused Assets / (34.9 KB). Loaded Objects now: 3861.
Memory consumption went from 0.52 GB to 0.52 GB.
Total: 3.292200 ms (FindLiveObjects: 0.394000 ms CreateObjectMapping: 0.426200 ms MarkObjects: 2.415100 ms  DeleteObjects: 0.055900 ms)

AssetImportParameters requested are different than current active one (requested -> active):
  custom:container-demuxer-ogg: 62fdf1f143b41e24485cea50d1cbac27 -> 
  custom:video-decoder-ogg-theora: a1e56fd34408186e4bbccfd4996cb3dc -> 
  custom:framework-win-MediaFoundation: 216162199b28c13a410421893ffa2e32 -> 
  custom:container-demuxer-webm: 4f35f7cbe854078d1ac9338744f61a02 -> 
  custom:container-muxer-webm: aa71ff27fc2769a1b78a27578f13a17b -> 
  custom:video-decoder-webm-vp8: 9c59270c3fd7afecdb556c50c9e8de78 -> 
  custom:AudioImporter_EditorPlatform: d09bf68614088b80899f8185d706f6e7 -> 
  custom:video-encoder-webm-vp8: eb34c28f22e8b96e1ab97ce403110664 -> 
  custom:audio-decoder-ogg-vorbis: bf7c407c2cedff20999df2af8eb42d56 -> 
  custom:audio-encoder-webm-vorbis: bf7c407c2cedff20999df2af8eb42d56 -> 
========================================================================
Received Prepare
Begin MonoManager ReloadAssembly
Symbol file LoadedFromMemory doesn't match image C:\Users\Cataids\Unity\DynamicAudio\Library\PackageCache\com.unity.visualscripting@1.7.8\Editor\VisualScripting.Core\Dependencies\YamlDotNet\Unity.VisualScripting.YamlDotNet.dll
Symbol file LoadedFromMemory doesn't match image C:\Users\Cataids\Unity\DynamicAudio\Library\PackageCache\com.unity.visualscripting@1.7.8\Editor\VisualScripting.Core\Dependencies\DotNetZip\Unity.VisualScripting.IonicZip.dll
- Loaded All Assemblies, in  0.790 seconds
Refreshing native plugins compatible for Editor in 4.33 ms, found 3 plugins.
Native extension for WindowsStandalone target not found
Mono: successfully reloaded assembly
- Finished resetting the current domain, in  0.793 seconds
Domain Reload Profiling:
	ReloadAssembly (207ms)
		BeginReloadAssembly (132ms)
			ExecutionOrderSort (0ms)
			DisableScriptedObjects (5ms)
			BackupInstance (0ms)
			ReleaseScriptingObjects (0ms)
			CreateAndSetChildDomain (42ms)
		LoadAllAssembliesAndSetupDomain (581ms)
			LoadAssemblies (76ms)
			RebuildTransferFunctionScriptingTraits (0ms)
			SetupTypeCache (551ms)
				TypeCache.Initialize (292ms)
					TypeCache.ScanAssembly (285ms)
				ResolveRequiredComponents (6ms)
		FinalizeReload (0ms)
			ReleaseScriptCaches (0ms)
			RebuildScriptCaches (0ms)
			SetupLoadedEditorAssemblies (357ms)
				LogAssemblyErrors (0ms)
				InitializePlatformSupportModulesInManaged (12ms)
				SetLoadedEditorAssemblies (8ms)
				RefreshPlugins (0ms)
				BeforeProcessingInitializeOnLoad (66ms)
				ProcessInitializeOnLoadAttributes (240ms)
				ProcessInitializeOnLoadMethodAttributes (24ms)
				AfterProcessingInitializeOnLoad (7ms)
				EditorAssembliesLoaded (0ms)
			ExecutionOrderSort2 (0ms)
			AwakeInstancesAfterBackupRestoration (7ms)
Refreshing native plugins compatible for Editor in 3.61 ms, found 3 plugins.
Preloading 0 native plugins for Editor in 0.00 ms.
Unloading 3376 Unused Serialized files (Serialized files now loaded: 0)
Unloading 21 unused Assets / (42.2 KB). Loaded Objects now: 3864.
Memory consumption went from 0.52 GB to 0.52 GB.
Total: 2.841400 ms (FindLiveObjects: 0.292300 ms CreateObjectMapping: 0.321200 ms MarkObjects: 2.188200 ms  DeleteObjects: 0.038400 ms)

AssetImportParameters requested are different than current active one (requested -> active):
  custom:container-demuxer-ogg: 62fdf1f143b41e24485cea50d1cbac27 -> 
  custom:video-decoder-ogg-theora: a1e56fd34408186e4bbccfd4996cb3dc -> 
  custom:framework-win-MediaFoundation: 216162199b28c13a410421893ffa2e32 -> 
  custom:container-demuxer-webm: 4f35f7cbe854078d1ac9338744f61a02 -> 
  custom:container-muxer-webm: aa71ff27fc2769a1b78a27578f13a17b -> 
  custom:video-decoder-webm-vp8: 9c59270c3fd7afecdb556c50c9e8de78 -> 
  custom:AudioImporter_EditorPlatform: d09bf68614088b80899f8185d706f6e7 -> 
  custom:video-encoder-webm-vp8: eb34c28f22e8b96e1ab97ce403110664 -> 
  custom:audio-decoder-ogg-vorbis: bf7c407c2cedff20999df2af8eb42d56 -> 
  custom:audio-encoder-webm-vorbis: bf7c407c2cedff20999df2af8eb42d56 -> 
========================================================================
Received Import Request.
  Time since last request: 194.389488 seconds.
  path: Assets/Audio
  artifactKey: Guid(f7814cc43b417764e9b83f81b8a04448) Importer(815301076,1909f56bfc062723c751e8b465ee728b)
Number of updated assets reloaded before import = 0
Start importing Assets/Audio using Guid(f7814cc43b417764e9b83f81b8a04448) Importer(815301076,1909f56bfc062723c751e8b465ee728b)  -> (artifact id: '5c49b2e786269444fabcd92b3813ad73') in 0.006610 seconds 
Number of asset objects unloaded after import = 0
========================================================================
Received Import Request.
  Time since last request: 1.612759 seconds.
  path: Assets/Audio/SFX
  artifactKey: Guid(8f952f0a090e197419fb746292d4590d) Importer(815301076,1909f56bfc062723c751e8b465ee728b)
Number of updated assets reloaded before import = 0
Start importing Assets/Audio/SFX using Guid(8f952f0a090e197419fb746292d4590d) Importer(815301076,1909f56bfc062723c751e8b465ee728b)  -> (artifact id: 'd8b792c6cc880c10204831f7c9fd024a') in 0.005490 seconds 
Number of asset objects unloaded after import = 0
========================================================================
Received Import Request.
  Time since last request: 1.165341 seconds.
  path: Assets/Audio/SFX/Footsteps
  artifactKey: Guid(6456ee3f9a20bcd439c0006734cf9492) Importer(815301076,1909f56bfc062723c751e8b465ee728b)
Number of updated assets reloaded before import = 0
Start importing Assets/Audio/SFX/Footsteps using Guid(6456ee3f9a20bcd439c0006734cf9492) Importer(815301076,1909f56bfc062723c751e8b465ee728b)  -> (artifact id: '9e6bcc47282c89aabdeea3dcb898c604') in 0.005654 seconds 
Number of asset objects unloaded after import = 0
========================================================================
Received Import Request.
  Time since last request: 9.994453 seconds.
  path: Assets/Audio/SFX/Footsteps/Bush
  artifactKey: Guid(c049ff9f8462354448c23b939284a4f0) Importer(815301076,1909f56bfc062723c751e8b465ee728b)
Number of updated assets reloaded before import = 0
Start importing Assets/Audio/SFX/Footsteps/Bush using Guid(c049ff9f8462354448c23b939284a4f0) Importer(815301076,1909f56bfc062723c751e8b465ee728b)  -> (artifact id: 'bad9cbc196809f2430f30ad7a6505955') in 0.005282 seconds 
Number of asset objects unloaded after import = 0
========================================================================
Received Import Request.
  Time since last request: 0.050982 seconds.
  path: Assets/Audio/SFX/Footsteps/Bush/STEPS Bush, Walk 01.wav
  artifactKey: Guid(ea775e44110ac4e349be9e6dad0cad81) Importer(815301076,1909f56bfc062723c751e8b465ee728b)
Number of updated assets reloaded before import = 0
Start importing Assets/Audio/SFX/Footsteps/Bush/STEPS Bush, Walk 01.wav using Guid(ea775e44110ac4e349be9e6dad0cad81) Importer(815301076,1909f56bfc062723c751e8b465ee728b)  -> (artifact id: '97e1374745a7b4161663b01540e201e2') in 0.238537 seconds 
Number of asset objects unloaded after import = 2
========================================================================
Received Import Request.
  Time since last request: 0.000031 seconds.
  path: Assets/Audio/SFX/Footsteps/Bush/STEPS Bush, Walk 03.wav
  artifactKey: Guid(ff3ab89842b344822a4ca944ff2e803d) Importer(815301076,1909f56bfc062723c751e8b465ee728b)
Number of updated assets reloaded before import = 0
Start importing Assets/Audio/SFX/Footsteps/Bush/STEPS Bush, Walk 03.wav using Guid(ff3ab89842b344822a4ca944ff2e803d) Importer(815301076,1909f56bfc062723c751e8b465ee728b)  -> (artifact id: '5178324eb38b3c3a236d059f0b81d581') in 0.016745 seconds 
Number of asset objects unloaded after import = 2
========================================================================
Received Import Request.
  Time since last request: 0.000032 seconds.
  path: Assets/Audio/SFX/Footsteps/Bush/STEPS Bush, Walk 16.wav
  artifactKey: Guid(8e05ee2a775c147a189bdbd96611c1f3) Importer(815301076,1909f56bfc062723c751e8b465ee728b)
Number of updated assets reloaded before import = 0
Start importing Assets/Audio/SFX/Footsteps/Bush/STEPS Bush, Walk 16.wav using Guid(8e05ee2a775c147a189bdbd96611c1f3) Importer(815301076,1909f56bfc062723c751e8b465ee728b)  -> (artifact id: '102fbcd8d396c33793c0112198bb5146') in 0.015315 seconds 
Number of asset objects unloaded after import = 2
========================================================================
Received Import Request.
  Time since last request: 0.000019 seconds.
  path: Assets/Audio/SFX/Footsteps/Bush/STEPS Bush, Walk 06.wav
  artifactKey: Guid(d1e2d67e3ce0649079dca643f64c18a9) Importer(815301076,1909f56bfc062723c751e8b465ee728b)
Number of updated assets reloaded before import = 0
Start importing Assets/Audio/SFX/Footsteps/Bush/STEPS Bush, Walk 06.wav using Guid(d1e2d67e3ce0649079dca643f64c18a9) Importer(815301076,1909f56bfc062723c751e8b465ee728b)  -> (artifact id: '284b121c4cfd4818fac891f835ed7d96') in 0.012878 seconds 
Number of asset objects unloaded after import = 2
========================================================================
Received Import Request.
  Time since last request: 0.000027 seconds.
  path: Assets/Audio/SFX/Footsteps/Bush/STEPS Bush, Walk 13.wav
  artifactKey: Guid(79757a13f634946598664352406bba72) Importer(815301076,1909f56bfc062723c751e8b465ee728b)
Number of updated assets reloaded before import = 0
Start importing Assets/Audio/SFX/Footsteps/Bush/STEPS Bush, Walk 13.wav using Guid(79757a13f634946598664352406bba72) Importer(815301076,1909f56bfc062723c751e8b465ee728b)  -> (artifact id: '0bcc15ec45a8f9e36de5d2402de3a731') in 0.019945 seconds 
Number of asset objects unloaded after import = 2
========================================================================
Received Import Request.
  Time since last request: 0.000019 seconds.
  path: Assets/Audio/SFX/Footsteps/Bush/STEPS Bush, Walk 22.wav
  artifactKey: Guid(2593756e1693948938d35bc979e3c226) Importer(815301076,1909f56bfc062723c751e8b465ee728b)
Number of updated assets reloaded before import = 0
Start importing Assets/Audio/SFX/Footsteps/Bush/STEPS Bush, Walk 22.wav using Guid(2593756e1693948938d35bc979e3c226) Importer(815301076,1909f56bfc062723c751e8b465ee728b)  -> (artifact id: 'e245c21337bf9ccf46b56ad43a0d0f54') in 0.020342 seconds 
Number of asset objects unloaded after import = 2
========================================================================
Received Import Request.
  Time since last request: 0.000023 seconds.
  path: Assets/Audio/SFX/Footsteps/Bush/STEPS Bush, Walk 20.wav
  artifactKey: Guid(4522c227fa000414b8f713d7b54a1c8b) Importer(815301076,1909f56bfc062723c751e8b465ee728b)
Number of updated assets reloaded before import = 0
Start importing Assets/Audio/SFX/Footsteps/Bush/STEPS Bush, Walk 20.wav using Guid(4522c227fa000414b8f713d7b54a1c8b) Importer(815301076,1909f56bfc062723c751e8b465ee728b)  -> (artifact id: 'b99da75e82e0873d99bf47e9ec4d0f4e') in 0.020626 seconds 
Number of asset objects unloaded after import = 2
========================================================================
Received Import Request.
  Time since last request: 0.000024 seconds.
  path: Assets/Audio/SFX/Footsteps/Bush/STEPS Bush, Walk 25.wav
  artifactKey: Guid(6250fbc3dca9e40aea1a99a3da0bc7d2) Importer(815301076,1909f56bfc062723c751e8b465ee728b)
Number of updated assets reloaded before import = 0
Start importing Assets/Audio/SFX/Footsteps/Bush/STEPS Bush, Walk 25.wav using Guid(6250fbc3dca9e40aea1a99a3da0bc7d2) Importer(815301076,1909f56bfc062723c751e8b465ee728b)  -> (artifact id: '4312c55c60ea6a32dfa6b0fabfcc54b4') in 0.017261 seconds 
Number of asset objects unloaded after import = 2
========================================================================
Received Import Request.
  Time since last request: 0.000023 seconds.
  path: Assets/Audio/SFX/Footsteps/Bush/STEPS Bush, Walk 11.wav
  artifactKey: Guid(059c6778dd863402798c0936e8e45edc) Importer(815301076,1909f56bfc062723c751e8b465ee728b)
Number of updated assets reloaded before import = 0
Start importing Assets/Audio/SFX/Footsteps/Bush/STEPS Bush, Walk 11.wav using Guid(059c6778dd863402798c0936e8e45edc) Importer(815301076,1909f56bfc062723c751e8b465ee728b)  -> (artifact id: '2dfc000bccc9a16be90d082bb193774a') in 0.014185 seconds 
Number of asset objects unloaded after import = 2
========================================================================
Received Import Request.
  Time since last request: 0.000025 seconds.
  path: Assets/Audio/SFX/Footsteps/Bush/STEPS Bush, Walk 09.wav
  artifactKey: Guid(bab2c49867f5b4d1fa35a45690a2fdd8) Importer(815301076,1909f56bfc062723c751e8b465ee728b)
Number of updated assets reloaded before import = 0
Start importing Assets/Audio/SFX/Footsteps/Bush/STEPS Bush, Walk 09.wav using Guid(bab2c49867f5b4d1fa35a45690a2fdd8) Importer(815301076,1909f56bfc062723c751e8b465ee728b)  -> (artifact id: 'cdbde8a4a47fcc569dacb846df6b9e33') in 0.012706 seconds 
Number of asset objects unloaded after import = 2
========================================================================
Received Import Request.
  Time since last request: 0.000025 seconds.
  path: Assets/Audio/SFX/Footsteps/Bush/STEPS Bush, Walk 05.wav
  artifactKey: Guid(59b70d696866c433eb4f27e878138e30) Importer(815301076,1909f56bfc062723c751e8b465ee728b)
Number of updated assets reloaded before import = 0
Start importing Assets/Audio/SFX/Footsteps/Bush/STEPS Bush, Walk 05.wav using Guid(59b70d696866c433eb4f27e878138e30) Importer(815301076,1909f56bfc062723c751e8b465ee728b)  -> (artifact id: '4c9033af17ca909fe45d190ee9433604') in 0.030200 seconds 
Number of asset objects unloaded after import = 2
========================================================================
Received Import Request.
  Time since last request: 0.000022 seconds.
  path: Assets/Audio/SFX/Footsteps/Bush/STEPS Bush, Walk 18.wav
  artifactKey: Guid(9193789dcbf424a26942821766e17bda) Importer(815301076,1909f56bfc062723c751e8b465ee728b)
Number of updated assets reloaded before import = 0
Start importing Assets/Audio/SFX/Footsteps/Bush/STEPS Bush, Walk 18.wav using Guid(9193789dcbf424a26942821766e17bda) Importer(815301076,1909f56bfc062723c751e8b465ee728b)  -> (artifact id: '690afca46512a579091fdd05fb5b4a94') in 0.025602 seconds 
Number of asset objects unloaded after import = 2
========================================================================
Received Import Request.
  Time since last request: 0.000022 seconds.
  path: Assets/Audio/SFX/Footsteps/Bush/STEPS Bush, Walk 07.wav
  artifactKey: Guid(9c68625843b734175a5cb24031c6ed27) Importer(815301076,1909f56bfc062723c751e8b465ee728b)
Number of updated assets reloaded before import = 0
Start importing Assets/Audio/SFX/Footsteps/Bush/STEPS Bush, Walk 07.wav using Guid(9c68625843b734175a5cb24031c6ed27) Importer(815301076,1909f56bfc062723c751e8b465ee728b)  -> (artifact id: '06a6caf7dca90b8d45250dd2c1627ced') in 0.019060 seconds 
Number of asset objects unloaded after import = 2
Editor requested this worker to shutdown with reason: Scaling down because of idle timeout
TcpMessagingSession - receive error: operation aborted. errorcode: 995, details: The I/O operation has been aborted because of either a thread exit or an application request.
AssetImportWorker is now disconnected from the server
Process exiting
Exiting without the bug reporter. Application will terminate with return code 0