Using pre-set license
Built from '2022.2/release' branch; Version is '2022.2.1f1 (4fead5835099) revision 5237461'; Using compiler version '192829333'; Build Type 'Release'
OS: 'Windows 11  (10.0.22621) 64bit Professional' Language: 'en' Physical Memory: 32676 MB
BatchMode: 1, IsHumanControllingUs: 0, StartBugReporterOnCrash: 0, Is64bit: 1, IsPro: 1

COMMAND LINE ARGUMENTS:
C:\Program Files\Unity\Hub\Editor\2022.2.1f1\Editor\Unity.exe
-adb2
-batchMode
-noUpm
-name
AssetImportWorker15
-projectPath
C:/Users/Cataids/Unity/DynamicAudio
-logFile
Logs/AssetImportWorker15.log
-srvPort
22887
Successfully changed project path to: C:/Users/Cataids/Unity/DynamicAudio
C:/Users/Cataids/Unity/DynamicAudio
[UnityMemory] Configuration Parameters - Can be set up in boot.config
    "memorysetup-bucket-allocator-granularity=16"
    "memorysetup-bucket-allocator-bucket-count=8"
    "memorysetup-bucket-allocator-block-size=33554432"
    "memorysetup-bucket-allocator-block-count=8"
    "memorysetup-main-allocator-block-size=16777216"
    "memorysetup-thread-allocator-block-size=16777216"
    "memorysetup-gfx-main-allocator-block-size=16777216"
    "memorysetup-gfx-thread-allocator-block-size=16777216"
    "memorysetup-cache-allocator-block-size=4194304"
    "memorysetup-typetree-allocator-block-size=2097152"
    "memorysetup-profiler-bucket-allocator-granularity=16"
    "memorysetup-profiler-bucket-allocator-bucket-count=8"
    "memorysetup-profiler-bucket-allocator-block-size=33554432"
    "memorysetup-profiler-bucket-allocator-block-count=8"
    "memorysetup-profiler-allocator-block-size=16777216"
    "memorysetup-profiler-editor-allocator-block-size=1048576"
    "memorysetup-temp-allocator-size-main=16777216"
    "memorysetup-job-temp-allocator-block-size=2097152"
    "memorysetup-job-temp-allocator-block-size-background=1048576"
    "memorysetup-job-temp-allocator-reduction-small-platforms=262144"
    "memorysetup-temp-allocator-size-background-worker=32768"
    "memorysetup-temp-allocator-size-job-worker=262144"
    "memorysetup-temp-allocator-size-preload-manager=33554432"
    "memorysetup-temp-allocator-size-nav-mesh-worker=65536"
    "memorysetup-temp-allocator-size-audio-worker=65536"
    "memorysetup-temp-allocator-size-cloud-worker=32768"
    "memorysetup-temp-allocator-size-gi-baking-worker=262144"
    "memorysetup-temp-allocator-size-gfx=262144"
Player connection [20572] Host "[IP] 192.168.188.21 [Port] 0 [Flags] 2 [Guid] 3703329353 [EditorId] 3703329353 [Version] 1048832 [Id] WindowsEditor(7,Desktop-Game) [Debug] 1 [PackageName] WindowsEditor [ProjectName] Editor" joined multi-casting on [225.0.0.222:54997]...

Player connection [20572] Host "[IP] 192.168.188.21 [Port] 0 [Flags] 2 [Guid] 3703329353 [EditorId] 3703329353 [Version] 1048832 [Id] WindowsEditor(7,Desktop-Game) [Debug] 1 [PackageName] WindowsEditor [ProjectName] Editor" joined alternative multi-casting on [225.0.0.222:34997]...

Refreshing native plugins compatible for Editor in 1323.84 ms, found 3 plugins.
Preloading 0 native plugins for Editor in 0.00 ms.
Initialize engine version: 2022.2.1f1 (4fead5835099)
[Subsystems] Discovering subsystems at path C:/Program Files/Unity/Hub/Editor/2022.2.1f1/Editor/Data/Resources/UnitySubsystems
[Subsystems] Discovering subsystems at path C:/Users/Cataids/Unity/DynamicAudio/Assets
GfxDevice: creating device client; threaded=0; jobified=0
Direct3D:
    Version:  Direct3D 11.0 [level 11.1]
    Renderer: NVIDIA GeForce GTX 1080 (ID=0x1b80)
    Vendor:   NVIDIA
    VRAM:     8073 MB
    Driver:   31.0.15.3118
Initialize mono
Mono path[0] = 'C:/Program Files/Unity/Hub/Editor/2022.2.1f1/Editor/Data/Managed'
Mono path[1] = 'C:/Program Files/Unity/Hub/Editor/2022.2.1f1/Editor/Data/MonoBleedingEdge/lib/mono/unityjit-win32'
Mono config path = 'C:/Program Files/Unity/Hub/Editor/2022.2.1f1/Editor/Data/MonoBleedingEdge/etc'
Using monoOptions --debugger-agent=transport=dt_socket,embedding=1,server=y,suspend=n,address=127.0.0.1:56252
Begin MonoManager ReloadAssembly
Registering precompiled unity dll's ...
Register platform support module: C:/Program Files/Unity/Hub/Editor/2022.2.1f1/Editor/Data/PlaybackEngines/WindowsStandaloneSupport/UnityEditor.WindowsStandalone.Extensions.dll
Registered in 0.081894 seconds.
- Loaded All Assemblies, in  4.854 seconds
Native extension for WindowsStandalone target not found
Mono: successfully reloaded assembly
- Finished resetting the current domain, in  0.264 seconds
Domain Reload Profiling:
	ReloadAssembly (4226ms)
		BeginReloadAssembly (3731ms)
			ExecutionOrderSort (0ms)
			DisableScriptedObjects (0ms)
			BackupInstance (0ms)
			ReleaseScriptingObjects (0ms)
			CreateAndSetChildDomain (1ms)
		LoadAllAssembliesAndSetupDomain (0ms)
			LoadAssemblies (3728ms)
			RebuildTransferFunctionScriptingTraits (0ms)
			SetupTypeCache (622ms)
				TypeCache.Initialize (621ms)
					TypeCache.ScanAssembly (620ms)
				ResolveRequiredComponents (0ms)
		FinalizeReload (0ms)
			ReleaseScriptCaches (0ms)
			RebuildScriptCaches (0ms)
			SetupLoadedEditorAssemblies (207ms)
				LogAssemblyErrors (0ms)
				InitializePlatformSupportModulesInManaged (8ms)
				SetLoadedEditorAssemblies (8ms)
				RefreshPlugins (0ms)
				BeforeProcessingInitializeOnLoad (1ms)
				ProcessInitializeOnLoadAttributes (138ms)
				ProcessInitializeOnLoadMethodAttributes (52ms)
				AfterProcessingInitializeOnLoad (0ms)
				EditorAssembliesLoaded (0ms)
			ExecutionOrderSort2 (0ms)
			AwakeInstancesAfterBackupRestoration (0ms)
========================================================================
Worker process is ready to serve import requests
Begin MonoManager ReloadAssembly
Symbol file LoadedFromMemory doesn't match image C:\Users\Cataids\Unity\DynamicAudio\Library\PackageCache\com.unity.visualscripting@1.7.8\Editor\VisualScripting.Core\Dependencies\YamlDotNet\Unity.VisualScripting.YamlDotNet.dll
Symbol file LoadedFromMemory doesn't match image C:\Users\Cataids\Unity\DynamicAudio\Library\PackageCache\com.unity.visualscripting@1.7.8\Editor\VisualScripting.Core\Dependencies\DotNetZip\Unity.VisualScripting.IonicZip.dll
- Loaded All Assemblies, in  5.424 seconds
Refreshing native plugins compatible for Editor in 3.64 ms, found 3 plugins.
Native extension for WindowsStandalone target not found
Mono: successfully reloaded assembly
- Finished resetting the current domain, in  1.562 seconds
Domain Reload Profiling:
	ReloadAssembly (212ms)
		BeginReloadAssembly (117ms)
			ExecutionOrderSort (0ms)
			DisableScriptedObjects (5ms)
			BackupInstance (0ms)
			ReleaseScriptingObjects (0ms)
			CreateAndSetChildDomain (24ms)
		LoadAllAssembliesAndSetupDomain (5210ms)
			LoadAssemblies (4198ms)
			RebuildTransferFunctionScriptingTraits (0ms)
			SetupTypeCache (1060ms)
				TypeCache.Initialize (811ms)
					TypeCache.ScanAssembly (807ms)
				ResolveRequiredComponents (4ms)
		FinalizeReload (0ms)
			ReleaseScriptCaches (0ms)
			RebuildScriptCaches (0ms)
			SetupLoadedEditorAssemblies (1377ms)
				LogAssemblyErrors (0ms)
				InitializePlatformSupportModulesInManaged (6ms)
				SetLoadedEditorAssemblies (8ms)
				RefreshPlugins (0ms)
				BeforeProcessingInitializeOnLoad (64ms)
				ProcessInitializeOnLoadAttributes (287ms)
				ProcessInitializeOnLoadMethodAttributes (1006ms)
				AfterProcessingInitializeOnLoad (6ms)
				EditorAssembliesLoaded (0ms)
			ExecutionOrderSort2 (0ms)
			AwakeInstancesAfterBackupRestoration (7ms)
Launched and connected shader compiler UnityShaderCompiler.exe after 0.07 seconds
Refreshing native plugins compatible for Editor in 5.45 ms, found 3 plugins.
Preloading 0 native plugins for Editor in 0.00 ms.
Unloading 3382 Unused Serialized files (Serialized files now loaded: 0)
Unloading 26 unused Assets / (68.4 KB). Loaded Objects now: 3857.
Memory consumption went from 0.52 GB to 0.52 GB.
Total: 5.339600 ms (FindLiveObjects: 0.510300 ms CreateObjectMapping: 0.586100 ms MarkObjects: 4.129600 ms  DeleteObjects: 0.112000 ms)

AssetImportParameters requested are different than current active one (requested -> active):
  custom:container-demuxer-ogg: 62fdf1f143b41e24485cea50d1cbac27 -> 
  custom:video-decoder-ogg-theora: a1e56fd34408186e4bbccfd4996cb3dc -> 
  custom:framework-win-MediaFoundation: 216162199b28c13a410421893ffa2e32 -> 
  custom:container-demuxer-webm: 4f35f7cbe854078d1ac9338744f61a02 -> 
  custom:container-muxer-webm: aa71ff27fc2769a1b78a27578f13a17b -> 
  custom:video-decoder-webm-vp8: 9c59270c3fd7afecdb556c50c9e8de78 -> 
  custom:AudioImporter_EditorPlatform: d09bf68614088b80899f8185d706f6e7 -> 
  custom:video-encoder-webm-vp8: eb34c28f22e8b96e1ab97ce403110664 -> 
  custom:audio-decoder-ogg-vorbis: bf7c407c2cedff20999df2af8eb42d56 -> 
  custom:audio-encoder-webm-vorbis: bf7c407c2cedff20999df2af8eb42d56 -> 
========================================================================
Received Import Request.
  Time since last request: 615869.452180 seconds.
  path: Assets/Audio/SFX/Footsteps/Wood/Wood, Creaky/STEPS Wood, Creaky, Run 01.wav
  artifactKey: Guid(78e225db419594d96910363852407394) Importer(815301076,1909f56bfc062723c751e8b465ee728b)
Number of updated assets reloaded before import = 0
Start importing Assets/Audio/SFX/Footsteps/Wood/Wood, Creaky/STEPS Wood, Creaky, Run 01.wav using Guid(78e225db419594d96910363852407394) Importer(815301076,1909f56bfc062723c751e8b465ee728b)  -> (artifact id: '10bf4d53360a64ac0a5a8bbe2e9c1f62') in 0.134084 seconds 
Number of asset objects unloaded after import = 2
========================================================================
Received Import Request.
  Time since last request: 0.000032 seconds.
  path: Assets/Audio/SFX/Footsteps/Wood/Wood, Creaky/STEPS Wood, Creaky, Run 24.wav
  artifactKey: Guid(50e0eb7275486409791e65228310d2d8) Importer(815301076,1909f56bfc062723c751e8b465ee728b)
Number of updated assets reloaded before import = 0
Start importing Assets/Audio/SFX/Footsteps/Wood/Wood, Creaky/STEPS Wood, Creaky, Run 24.wav using Guid(50e0eb7275486409791e65228310d2d8) Importer(815301076,1909f56bfc062723c751e8b465ee728b)  -> (artifact id: '4e8cc9d5975ffcced88c488b9f5954f8') in 0.017432 seconds 
Number of asset objects unloaded after import = 2
========================================================================
Received Import Request.
  Time since last request: 0.000062 seconds.
  path: Assets/Audio/SFX/Footsteps/Wood/Wood, Creaky/STEPS Wood, Creaky, Run 29.wav
  artifactKey: Guid(3fd1130b112b24029bdd98d3087feae2) Importer(815301076,1909f56bfc062723c751e8b465ee728b)
Number of updated assets reloaded before import = 0
Start importing Assets/Audio/SFX/Footsteps/Wood/Wood, Creaky/STEPS Wood, Creaky, Run 29.wav using Guid(3fd1130b112b24029bdd98d3087feae2) Importer(815301076,1909f56bfc062723c751e8b465ee728b)  -> (artifact id: '23746687c131f5d2b9a9fd96bd40bae4') in 0.016646 seconds 
Number of asset objects unloaded after import = 2
========================================================================
Received Import Request.
  Time since last request: 0.000025 seconds.
  path: Assets/Audio/SFX/Footsteps/Wood/Wood, Creaky/STEPS Wood, Creaky, Walk 01.wav
  artifactKey: Guid(dd0396094271348508143f397fe7eb73) Importer(815301076,1909f56bfc062723c751e8b465ee728b)
Number of updated assets reloaded before import = 0
Start importing Assets/Audio/SFX/Footsteps/Wood/Wood, Creaky/STEPS Wood, Creaky, Walk 01.wav using Guid(dd0396094271348508143f397fe7eb73) Importer(815301076,1909f56bfc062723c751e8b465ee728b)  -> (artifact id: '8b788a41fb8f1ffe5ee2097a591972ab') in 0.015091 seconds 
Number of asset objects unloaded after import = 2
========================================================================
Received Import Request.
  Time since last request: 0.000024 seconds.
  path: Assets/Audio/SFX/Footsteps/Wood/Wood, Creaky/STEPS Wood, Creaky, Walk 05.wav
  artifactKey: Guid(407f4de28ca534121a008ff3f21c673d) Importer(815301076,1909f56bfc062723c751e8b465ee728b)
Number of updated assets reloaded before import = 0
Start importing Assets/Audio/SFX/Footsteps/Wood/Wood, Creaky/STEPS Wood, Creaky, Walk 05.wav using Guid(407f4de28ca534121a008ff3f21c673d) Importer(815301076,1909f56bfc062723c751e8b465ee728b)  -> (artifact id: '6d8eff03562fe8ee33a2b6b30d06d656') in 0.016161 seconds 
Number of asset objects unloaded after import = 2
========================================================================
Received Import Request.
  Time since last request: 0.001380 seconds.
  path: Assets/Audio/SFX/Footsteps/Wood/Wood, Creaky/STEPS Wood, Creaky, Walk 10.wav
  artifactKey: Guid(abd3c086215574a08968000d52fa8f94) Importer(815301076,1909f56bfc062723c751e8b465ee728b)
Number of updated assets reloaded before import = 0
Start importing Assets/Audio/SFX/Footsteps/Wood/Wood, Creaky/STEPS Wood, Creaky, Walk 10.wav using Guid(abd3c086215574a08968000d52fa8f94) Importer(815301076,1909f56bfc062723c751e8b465ee728b)  -> (artifact id: '6fe5d58d2f4f153e31a8e6a0e8fded5e') in 0.012466 seconds 
Number of asset objects unloaded after import = 2
========================================================================
Received Import Request.
  Time since last request: 0.000066 seconds.
  path: Assets/Audio/SFX/Footsteps/Wood/Wood, Creaky/STEPS Wood, Creaky, Walk 13.wav
  artifactKey: Guid(1916ca33443af46bfa8a54efb7ec0e15) Importer(815301076,1909f56bfc062723c751e8b465ee728b)
Number of updated assets reloaded before import = 0
Start importing Assets/Audio/SFX/Footsteps/Wood/Wood, Creaky/STEPS Wood, Creaky, Walk 13.wav using Guid(1916ca33443af46bfa8a54efb7ec0e15) Importer(815301076,1909f56bfc062723c751e8b465ee728b)  -> (artifact id: 'cdf28982fc4f29476c95ec7f632e3102') in 0.011976 seconds 
Number of asset objects unloaded after import = 2
========================================================================
Received Import Request.
  Time since last request: 0.000154 seconds.
  path: Assets/Audio/SFX/Footsteps/Wood/Wood, Creaky/STEPS Wood, Creaky, Walk 16.wav
  artifactKey: Guid(459f8df33648d416a840ca18bbfbb21e) Importer(815301076,1909f56bfc062723c751e8b465ee728b)
Number of updated assets reloaded before import = 0
Start importing Assets/Audio/SFX/Footsteps/Wood/Wood, Creaky/STEPS Wood, Creaky, Walk 16.wav using Guid(459f8df33648d416a840ca18bbfbb21e) Importer(815301076,1909f56bfc062723c751e8b465ee728b)  -> (artifact id: 'e75c6b22e06d2e4c6ff0de5d1c623eb1') in 0.011221 seconds 
Number of asset objects unloaded after import = 2
========================================================================
Received Import Request.
  Time since last request: 0.001037 seconds.
  path: Assets/Audio/SFX/Footsteps/Wood/Wood, Creaky/STEPS Wood, Creaky, Walk 19.wav
  artifactKey: Guid(6e0a5d846e8b54368b2e5746174ab24c) Importer(815301076,1909f56bfc062723c751e8b465ee728b)
Number of updated assets reloaded before import = 0
Start importing Assets/Audio/SFX/Footsteps/Wood/Wood, Creaky/STEPS Wood, Creaky, Walk 19.wav using Guid(6e0a5d846e8b54368b2e5746174ab24c) Importer(815301076,1909f56bfc062723c751e8b465ee728b)  -> (artifact id: '5839eb274ac2806cb77999f87de5def4') in 0.010941 seconds 
Number of asset objects unloaded after import = 2
========================================================================
Received Import Request.
  Time since last request: 0.002010 seconds.
  path: Assets/Audio/SFX/Footsteps/Wood/Wood, Creaky/STEPS Wood, Creaky, Walk 22.wav
  artifactKey: Guid(57f6c1ede648343d9b0a52d10bc30d44) Importer(815301076,1909f56bfc062723c751e8b465ee728b)
Number of updated assets reloaded before import = 0
Start importing Assets/Audio/SFX/Footsteps/Wood/Wood, Creaky/STEPS Wood, Creaky, Walk 22.wav using Guid(57f6c1ede648343d9b0a52d10bc30d44) Importer(815301076,1909f56bfc062723c751e8b465ee728b)  -> (artifact id: '3b480b91b643ea9fc63ea6f7ef19411d') in 0.010479 seconds 
Number of asset objects unloaded after import = 2
========================================================================
Received Import Request.
  Time since last request: 0.001628 seconds.
  path: Assets/Audio/SFX/Footsteps/Wood/Wood, Creaky/STEPS Wood, Creaky, Walk 25.wav
  artifactKey: Guid(ee7963a35dfec40dbb0c720edbed35f3) Importer(815301076,1909f56bfc062723c751e8b465ee728b)
Number of updated assets reloaded before import = 0
Start importing Assets/Audio/SFX/Footsteps/Wood/Wood, Creaky/STEPS Wood, Creaky, Walk 25.wav using Guid(ee7963a35dfec40dbb0c720edbed35f3) Importer(815301076,1909f56bfc062723c751e8b465ee728b)  -> (artifact id: 'c87e18c6040ee107440cbb5d18aca9d2') in 0.010790 seconds 
Number of asset objects unloaded after import = 2
========================================================================
Received Import Request.
  Time since last request: 0.002225 seconds.
  path: Assets/Audio/SFX/Footsteps/Wood/Wood, Creaky/STEPS Wood, Creaky, Walk 28.wav
  artifactKey: Guid(c9583933867c242f8a1e98320595abc5) Importer(815301076,1909f56bfc062723c751e8b465ee728b)
Number of updated assets reloaded before import = 0
Start importing Assets/Audio/SFX/Footsteps/Wood/Wood, Creaky/STEPS Wood, Creaky, Walk 28.wav using Guid(c9583933867c242f8a1e98320595abc5) Importer(815301076,1909f56bfc062723c751e8b465ee728b)  -> (artifact id: 'b5a9c4203fdfc7701f4a2e595a8242c3') in 0.010460 seconds 
Number of asset objects unloaded after import = 2
Editor requested this worker to shutdown with reason: Scaling down because of idle timeout
TcpMessagingSession - receive error: operation aborted. errorcode: 995, details: The I/O operation has been aborted because of either a thread exit or an application request.
AssetImportWorker is now disconnected from the server
Process exiting
Exiting without the bug reporter. Application will terminate with return code 0