Using pre-set license
Built from '2022.2/release' branch; Version is '2022.2.1f1 (4fead5835099) revision 5237461'; Using compiler version '192829333'; Build Type 'Release'
OS: 'Windows 11  (10.0.22621) 64bit Professional' Language: 'en' Physical Memory: 32676 MB
BatchMode: 1, IsHumanControllingUs: 0, StartBugReporterOnCrash: 0, Is64bit: 1, IsPro: 1

COMMAND LINE ARGUMENTS:
C:\Program Files\Unity\Hub\Editor\2022.2.1f1\Editor\Unity.exe
-adb2
-batchMode
-noUpm
-name
AssetImportWorker8
-projectPath
C:/Users/Cataids/Unity/DynamicAudio
-logFile
Logs/AssetImportWorker8.log
-srvPort
22887
Successfully changed project path to: C:/Users/Cataids/Unity/DynamicAudio
C:/Users/Cataids/Unity/DynamicAudio
[UnityMemory] Configuration Parameters - Can be set up in boot.config
    "memorysetup-bucket-allocator-granularity=16"
    "memorysetup-bucket-allocator-bucket-count=8"
    "memorysetup-bucket-allocator-block-size=33554432"
    "memorysetup-bucket-allocator-block-count=8"
    "memorysetup-main-allocator-block-size=16777216"
    "memorysetup-thread-allocator-block-size=16777216"
    "memorysetup-gfx-main-allocator-block-size=16777216"
    "memorysetup-gfx-thread-allocator-block-size=16777216"
    "memorysetup-cache-allocator-block-size=4194304"
    "memorysetup-typetree-allocator-block-size=2097152"
    "memorysetup-profiler-bucket-allocator-granularity=16"
    "memorysetup-profiler-bucket-allocator-bucket-count=8"
    "memorysetup-profiler-bucket-allocator-block-size=33554432"
    "memorysetup-profiler-bucket-allocator-block-count=8"
    "memorysetup-profiler-allocator-block-size=16777216"
    "memorysetup-profiler-editor-allocator-block-size=1048576"
    "memorysetup-temp-allocator-size-main=16777216"
    "memorysetup-job-temp-allocator-block-size=2097152"
    "memorysetup-job-temp-allocator-block-size-background=1048576"
    "memorysetup-job-temp-allocator-reduction-small-platforms=262144"
    "memorysetup-temp-allocator-size-background-worker=32768"
    "memorysetup-temp-allocator-size-job-worker=262144"
    "memorysetup-temp-allocator-size-preload-manager=33554432"
    "memorysetup-temp-allocator-size-nav-mesh-worker=65536"
    "memorysetup-temp-allocator-size-audio-worker=65536"
    "memorysetup-temp-allocator-size-cloud-worker=32768"
    "memorysetup-temp-allocator-size-gi-baking-worker=262144"
    "memorysetup-temp-allocator-size-gfx=262144"
Player connection [20800] Host "[IP] 192.168.188.21 [Port] 0 [Flags] 2 [Guid] 733634549 [EditorId] 733634549 [Version] 1048832 [Id] WindowsEditor(7,Desktop-Game) [Debug] 1 [PackageName] WindowsEditor [ProjectName] Editor" joined multi-casting on [225.0.0.222:54997]...

Player connection [20800] Host "[IP] 192.168.188.21 [Port] 0 [Flags] 2 [Guid] 733634549 [EditorId] 733634549 [Version] 1048832 [Id] WindowsEditor(7,Desktop-Game) [Debug] 1 [PackageName] WindowsEditor [ProjectName] Editor" joined alternative multi-casting on [225.0.0.222:34997]...

Refreshing native plugins compatible for Editor in 15.07 ms, found 3 plugins.
Preloading 0 native plugins for Editor in 0.00 ms.
Initialize engine version: 2022.2.1f1 (4fead5835099)
[Subsystems] Discovering subsystems at path C:/Program Files/Unity/Hub/Editor/2022.2.1f1/Editor/Data/Resources/UnitySubsystems
[Subsystems] Discovering subsystems at path C:/Users/Cataids/Unity/DynamicAudio/Assets
GfxDevice: creating device client; threaded=0; jobified=0
Direct3D:
    Version:  Direct3D 11.0 [level 11.1]
    Renderer: NVIDIA GeForce GTX 1080 (ID=0x1b80)
    Vendor:   NVIDIA
    VRAM:     8073 MB
    Driver:   31.0.15.3118
Initialize mono
Mono path[0] = 'C:/Program Files/Unity/Hub/Editor/2022.2.1f1/Editor/Data/Managed'
Mono path[1] = 'C:/Program Files/Unity/Hub/Editor/2022.2.1f1/Editor/Data/MonoBleedingEdge/lib/mono/unityjit-win32'
Mono config path = 'C:/Program Files/Unity/Hub/Editor/2022.2.1f1/Editor/Data/MonoBleedingEdge/etc'
Using monoOptions --debugger-agent=transport=dt_socket,embedding=1,server=y,suspend=n,address=127.0.0.1:56836
Begin MonoManager ReloadAssembly
Registering precompiled unity dll's ...
Register platform support module: C:/Program Files/Unity/Hub/Editor/2022.2.1f1/Editor/Data/PlaybackEngines/WindowsStandaloneSupport/UnityEditor.WindowsStandalone.Extensions.dll
Registered in 0.008012 seconds.
- Loaded All Assemblies, in  0.506 seconds
Native extension for WindowsStandalone target not found
Mono: successfully reloaded assembly
- Finished resetting the current domain, in  0.306 seconds
Domain Reload Profiling:
	ReloadAssembly (351ms)
		BeginReloadAssembly (143ms)
			ExecutionOrderSort (0ms)
			DisableScriptedObjects (0ms)
			BackupInstance (0ms)
			ReleaseScriptingObjects (0ms)
			CreateAndSetChildDomain (1ms)
		LoadAllAssembliesAndSetupDomain (0ms)
			LoadAssemblies (139ms)
			RebuildTransferFunctionScriptingTraits (0ms)
			SetupTypeCache (146ms)
				TypeCache.Initialize (145ms)
					TypeCache.ScanAssembly (143ms)
				ResolveRequiredComponents (1ms)
		FinalizeReload (0ms)
			ReleaseScriptCaches (0ms)
			RebuildScriptCaches (0ms)
			SetupLoadedEditorAssemblies (240ms)
				LogAssemblyErrors (0ms)
				InitializePlatformSupportModulesInManaged (12ms)
				SetLoadedEditorAssemblies (10ms)
				RefreshPlugins (0ms)
				BeforeProcessingInitializeOnLoad (1ms)
				ProcessInitializeOnLoadAttributes (151ms)
				ProcessInitializeOnLoadMethodAttributes (66ms)
				AfterProcessingInitializeOnLoad (0ms)
				EditorAssembliesLoaded (0ms)
			ExecutionOrderSort2 (0ms)
			AwakeInstancesAfterBackupRestoration (0ms)
========================================================================
Worker process is ready to serve import requests
Begin MonoManager ReloadAssembly
Symbol file LoadedFromMemory doesn't match image C:\Users\Cataids\Unity\DynamicAudio\Library\PackageCache\com.unity.visualscripting@1.7.8\Editor\VisualScripting.Core\Dependencies\YamlDotNet\Unity.VisualScripting.YamlDotNet.dll
Symbol file LoadedFromMemory doesn't match image C:\Users\Cataids\Unity\DynamicAudio\Library\PackageCache\com.unity.visualscripting@1.7.8\Editor\VisualScripting.Core\Dependencies\DotNetZip\Unity.VisualScripting.IonicZip.dll
- Loaded All Assemblies, in  0.888 seconds
Refreshing native plugins compatible for Editor in 5.07 ms, found 3 plugins.
Native extension for WindowsStandalone target not found
Mono: successfully reloaded assembly
- Finished resetting the current domain, in  0.609 seconds
Domain Reload Profiling:
	ReloadAssembly (240ms)
		BeginReloadAssembly (123ms)
			ExecutionOrderSort (0ms)
			DisableScriptedObjects (5ms)
			BackupInstance (0ms)
			ReleaseScriptingObjects (0ms)
			CreateAndSetChildDomain (23ms)
		LoadAllAssembliesAndSetupDomain (645ms)
			LoadAssemblies (80ms)
			RebuildTransferFunctionScriptingTraits (0ms)
			SetupTypeCache (615ms)
				TypeCache.Initialize (356ms)
					TypeCache.ScanAssembly (351ms)
				ResolveRequiredComponents (6ms)
		FinalizeReload (0ms)
			ReleaseScriptCaches (0ms)
			RebuildScriptCaches (0ms)
			SetupLoadedEditorAssemblies (417ms)
				LogAssemblyErrors (0ms)
				InitializePlatformSupportModulesInManaged (6ms)
				SetLoadedEditorAssemblies (8ms)
				RefreshPlugins (0ms)
				BeforeProcessingInitializeOnLoad (60ms)
				ProcessInitializeOnLoadAttributes (310ms)
				ProcessInitializeOnLoadMethodAttributes (27ms)
				AfterProcessingInitializeOnLoad (6ms)
				EditorAssembliesLoaded (0ms)
			ExecutionOrderSort2 (0ms)
			AwakeInstancesAfterBackupRestoration (9ms)
Launched and connected shader compiler UnityShaderCompiler.exe after 0.04 seconds
Refreshing native plugins compatible for Editor in 5.26 ms, found 3 plugins.
Preloading 0 native plugins for Editor in 0.00 ms.
Unloading 3382 Unused Serialized files (Serialized files now loaded: 0)
Unloading 26 unused Assets / (68.4 KB). Loaded Objects now: 3857.
Memory consumption went from 0.52 GB to 0.52 GB.
Total: 2.959800 ms (FindLiveObjects: 0.332900 ms CreateObjectMapping: 0.305400 ms MarkObjects: 2.233600 ms  DeleteObjects: 0.087000 ms)

AssetImportParameters requested are different than current active one (requested -> active):
  custom:container-demuxer-ogg: 62fdf1f143b41e24485cea50d1cbac27 -> 
  custom:video-decoder-ogg-theora: a1e56fd34408186e4bbccfd4996cb3dc -> 
  custom:framework-win-MediaFoundation: 216162199b28c13a410421893ffa2e32 -> 
  custom:container-demuxer-webm: 4f35f7cbe854078d1ac9338744f61a02 -> 
  custom:container-muxer-webm: aa71ff27fc2769a1b78a27578f13a17b -> 
  custom:video-decoder-webm-vp8: 9c59270c3fd7afecdb556c50c9e8de78 -> 
  custom:AudioImporter_EditorPlatform: d09bf68614088b80899f8185d706f6e7 -> 
  custom:video-encoder-webm-vp8: eb34c28f22e8b96e1ab97ce403110664 -> 
  custom:audio-decoder-ogg-vorbis: bf7c407c2cedff20999df2af8eb42d56 -> 
  custom:audio-encoder-webm-vorbis: bf7c407c2cedff20999df2af8eb42d56 -> 
========================================================================
Received Import Request.
  Time since last request: 615450.560978 seconds.
  path: Assets/Audio/SFX/Footsteps/Dirt
  artifactKey: Guid(aac8c06e633a6044dbfe2fe391ce723e) Importer(815301076,1909f56bfc062723c751e8b465ee728b)
Number of updated assets reloaded before import = 0
Start importing Assets/Audio/SFX/Footsteps/Dirt using Guid(aac8c06e633a6044dbfe2fe391ce723e) Importer(815301076,1909f56bfc062723c751e8b465ee728b)  -> (artifact id: 'd6766988e1a0e02eb32430cf123387ea') in 0.008200 seconds 
Number of asset objects unloaded after import = 0
========================================================================
Received Import Request.
  Time since last request: 0.082782 seconds.
  path: Assets/Audio/SFX/Footsteps/Dirt/STEPS Dirt, Run 01.wav
  artifactKey: Guid(e65dcf5a5851a41558b375596c666297) Importer(815301076,1909f56bfc062723c751e8b465ee728b)
Number of updated assets reloaded before import = 0
Start importing Assets/Audio/SFX/Footsteps/Dirt/STEPS Dirt, Run 01.wav using Guid(e65dcf5a5851a41558b375596c666297) Importer(815301076,1909f56bfc062723c751e8b465ee728b)  -> (artifact id: 'e0b4128542aebc1ef37ba5cea4f1d531') in 0.150822 seconds 
Number of asset objects unloaded after import = 2
========================================================================
Received Import Request.
  Time since last request: 0.000023 seconds.
  path: Assets/Audio/SFX/Footsteps/Dirt/STEPS Dirt, Walk 05.wav
  artifactKey: Guid(e1978cdc899764143bd9dcb055489486) Importer(815301076,1909f56bfc062723c751e8b465ee728b)
Number of updated assets reloaded before import = 0
Start importing Assets/Audio/SFX/Footsteps/Dirt/STEPS Dirt, Walk 05.wav using Guid(e1978cdc899764143bd9dcb055489486) Importer(815301076,1909f56bfc062723c751e8b465ee728b)  -> (artifact id: '0ddd7c1e4018b520e11946a27db930eb') in 0.014280 seconds 
Number of asset objects unloaded after import = 2
========================================================================
Received Import Request.
  Time since last request: 0.000029 seconds.
  path: Assets/Audio/SFX/Footsteps/Dirt/STEPS Dirt, Run 05.wav
  artifactKey: Guid(591ffa407c450493588f3459e306e07e) Importer(815301076,1909f56bfc062723c751e8b465ee728b)
Number of updated assets reloaded before import = 0
Start importing Assets/Audio/SFX/Footsteps/Dirt/STEPS Dirt, Run 05.wav using Guid(591ffa407c450493588f3459e306e07e) Importer(815301076,1909f56bfc062723c751e8b465ee728b)  -> (artifact id: 'a03dce5033daf8e1d3386217fdcb5f22') in 0.018354 seconds 
Number of asset objects unloaded after import = 2
========================================================================
Received Import Request.
  Time since last request: 0.000024 seconds.
  path: Assets/Audio/SFX/Footsteps/Dirt/STEPS Dirt, Walk 15.wav
  artifactKey: Guid(b40a7172e20d849b89e4e1af021e751a) Importer(815301076,1909f56bfc062723c751e8b465ee728b)
Number of updated assets reloaded before import = 0
Start importing Assets/Audio/SFX/Footsteps/Dirt/STEPS Dirt, Walk 15.wav using Guid(b40a7172e20d849b89e4e1af021e751a) Importer(815301076,1909f56bfc062723c751e8b465ee728b)  -> (artifact id: 'dfc5c4dad683014156420ced2051d7c8') in 0.021051 seconds 
Number of asset objects unloaded after import = 2
========================================================================
Received Import Request.
  Time since last request: 0.000020 seconds.
  path: Assets/Audio/SFX/Footsteps/Dirt/STEPS Dirt, Walk 02.wav
  artifactKey: Guid(e781962a83ffe41a387fc9093fbdb3a4) Importer(815301076,1909f56bfc062723c751e8b465ee728b)
Number of updated assets reloaded before import = 0
Start importing Assets/Audio/SFX/Footsteps/Dirt/STEPS Dirt, Walk 02.wav using Guid(e781962a83ffe41a387fc9093fbdb3a4) Importer(815301076,1909f56bfc062723c751e8b465ee728b)  -> (artifact id: 'b665504603cb23220b52ee64280f7f72') in 0.017290 seconds 
Number of asset objects unloaded after import = 2
========================================================================
Received Import Request.
  Time since last request: 0.000022 seconds.
  path: Assets/Audio/SFX/Footsteps/Dirt/STEPS Dirt, Run 09.wav
  artifactKey: Guid(dcb74e31b3b744e46be6e4634274ac3e) Importer(815301076,1909f56bfc062723c751e8b465ee728b)
Number of updated assets reloaded before import = 0
Start importing Assets/Audio/SFX/Footsteps/Dirt/STEPS Dirt, Run 09.wav using Guid(dcb74e31b3b744e46be6e4634274ac3e) Importer(815301076,1909f56bfc062723c751e8b465ee728b)  -> (artifact id: '5e8a299c07eb9a83fd8cbef5842b8b25') in 0.018443 seconds 
Number of asset objects unloaded after import = 2
========================================================================
Received Import Request.
  Time since last request: 0.000022 seconds.
  path: Assets/Audio/SFX/Footsteps/Dirt/STEPS Dirt, Run 26.wav
  artifactKey: Guid(0044f3fcdf06042239cd32e658c20985) Importer(815301076,1909f56bfc062723c751e8b465ee728b)
Number of updated assets reloaded before import = 0
Start importing Assets/Audio/SFX/Footsteps/Dirt/STEPS Dirt, Run 26.wav using Guid(0044f3fcdf06042239cd32e658c20985) Importer(815301076,1909f56bfc062723c751e8b465ee728b)  -> (artifact id: 'e895f8f4f5ce7404a1b0f7c0f148b626') in 0.026788 seconds 
Number of asset objects unloaded after import = 2
========================================================================
Received Import Request.
  Time since last request: 0.000023 seconds.
  path: Assets/Audio/SFX/Footsteps/Dirt/STEPS Dirt, Run 08.wav
  artifactKey: Guid(329d82ffb7c834587b93219bd57ea7f8) Importer(815301076,1909f56bfc062723c751e8b465ee728b)
Number of updated assets reloaded before import = 0
Start importing Assets/Audio/SFX/Footsteps/Dirt/STEPS Dirt, Run 08.wav using Guid(329d82ffb7c834587b93219bd57ea7f8) Importer(815301076,1909f56bfc062723c751e8b465ee728b)  -> (artifact id: '1584089ca6145d50428ee1c1b1732209') in 0.024409 seconds 
Number of asset objects unloaded after import = 2
========================================================================
Received Import Request.
  Time since last request: 0.000027 seconds.
  path: Assets/Audio/SFX/Footsteps/Dirt/STEPS Dirt, Run 10.wav
  artifactKey: Guid(cdf2c104aa05d459e847f84f78555bab) Importer(815301076,1909f56bfc062723c751e8b465ee728b)
Number of updated assets reloaded before import = 0
Start importing Assets/Audio/SFX/Footsteps/Dirt/STEPS Dirt, Run 10.wav using Guid(cdf2c104aa05d459e847f84f78555bab) Importer(815301076,1909f56bfc062723c751e8b465ee728b)  -> (artifact id: '319cd4e06a1338a6d240d4601db32442') in 0.016266 seconds 
Number of asset objects unloaded after import = 2
========================================================================
Received Import Request.
  Time since last request: 0.000022 seconds.
  path: Assets/Audio/SFX/Footsteps/Dirt/STEPS Dirt, Run 16.wav
  artifactKey: Guid(f5cbfafeb3dc64ddb812234dca02b455) Importer(815301076,1909f56bfc062723c751e8b465ee728b)
Number of updated assets reloaded before import = 0
Start importing Assets/Audio/SFX/Footsteps/Dirt/STEPS Dirt, Run 16.wav using Guid(f5cbfafeb3dc64ddb812234dca02b455) Importer(815301076,1909f56bfc062723c751e8b465ee728b)  -> (artifact id: 'f9221b3e3f6fa8d0d6f76ec478506726') in 0.022474 seconds 
Number of asset objects unloaded after import = 2
========================================================================
Received Import Request.
  Time since last request: 0.000028 seconds.
  path: Assets/Audio/SFX/Footsteps/Dirt/STEPS Dirt, Run 04.wav
  artifactKey: Guid(1eca43e5fc1004d8f9dad5db3163f0d1) Importer(815301076,1909f56bfc062723c751e8b465ee728b)
Number of updated assets reloaded before import = 0
Start importing Assets/Audio/SFX/Footsteps/Dirt/STEPS Dirt, Run 04.wav using Guid(1eca43e5fc1004d8f9dad5db3163f0d1) Importer(815301076,1909f56bfc062723c751e8b465ee728b)  -> (artifact id: 'f4c5ad70468bc0f613b0f0fb8d458f2a') in 0.017569 seconds 
Number of asset objects unloaded after import = 2
========================================================================
Received Import Request.
  Time since last request: 0.000036 seconds.
  path: Assets/Audio/SFX/Footsteps/Dirt/STEPS Dirt, Run 03.wav
  artifactKey: Guid(066d6d9639d3340a3a03ca031a380abc) Importer(815301076,1909f56bfc062723c751e8b465ee728b)
Number of updated assets reloaded before import = 0
Start importing Assets/Audio/SFX/Footsteps/Dirt/STEPS Dirt, Run 03.wav using Guid(066d6d9639d3340a3a03ca031a380abc) Importer(815301076,1909f56bfc062723c751e8b465ee728b)  -> (artifact id: '75ce58a8a6cd9b9f407155bd44d9c631') in 0.014176 seconds 
Number of asset objects unloaded after import = 2
========================================================================
Received Import Request.
  Time since last request: 0.000021 seconds.
  path: Assets/Audio/SFX/Footsteps/Dirt/STEPS Dirt, Run 23.wav
  artifactKey: Guid(5fa1c888398704438a3a1ab3515c26dd) Importer(815301076,1909f56bfc062723c751e8b465ee728b)
Number of updated assets reloaded before import = 0
Start importing Assets/Audio/SFX/Footsteps/Dirt/STEPS Dirt, Run 23.wav using Guid(5fa1c888398704438a3a1ab3515c26dd) Importer(815301076,1909f56bfc062723c751e8b465ee728b)  -> (artifact id: 'f5279d5af47d0ad3b86f47bab908af3c') in 0.014118 seconds 
Number of asset objects unloaded after import = 2
========================================================================
Received Import Request.
  Time since last request: 0.000033 seconds.
  path: Assets/Audio/SFX/Footsteps/Dirt/STEPS Dirt, Walk 06.wav
  artifactKey: Guid(f934aac9ae4954442b60cb7b6c10c5a5) Importer(815301076,1909f56bfc062723c751e8b465ee728b)
Number of updated assets reloaded before import = 0
Start importing Assets/Audio/SFX/Footsteps/Dirt/STEPS Dirt, Walk 06.wav using Guid(f934aac9ae4954442b60cb7b6c10c5a5) Importer(815301076,1909f56bfc062723c751e8b465ee728b)  -> (artifact id: '71433d55d06ad4b55fe69ab3b245b56a') in 0.019010 seconds 
Number of asset objects unloaded after import = 2
========================================================================
Received Import Request.
  Time since last request: 0.000022 seconds.
  path: Assets/Audio/SFX/Footsteps/Dirt/STEPS Dirt, Run 11.wav
  artifactKey: Guid(095670bb712694bfaaa102a37ba2d723) Importer(815301076,1909f56bfc062723c751e8b465ee728b)
Number of updated assets reloaded before import = 0
Start importing Assets/Audio/SFX/Footsteps/Dirt/STEPS Dirt, Run 11.wav using Guid(095670bb712694bfaaa102a37ba2d723) Importer(815301076,1909f56bfc062723c751e8b465ee728b)  -> (artifact id: 'f9c05d4273e0631eff86be5ff695dc12') in 0.027909 seconds 
Number of asset objects unloaded after import = 2
========================================================================
Received Import Request.
  Time since last request: 0.000023 seconds.
  path: Assets/Audio/SFX/Footsteps/Dirt/STEPS Dirt, Walk 21.wav
  artifactKey: Guid(ad121e3b0b2bb4101b14a7d170c56e40) Importer(815301076,1909f56bfc062723c751e8b465ee728b)
Number of updated assets reloaded before import = 0
Start importing Assets/Audio/SFX/Footsteps/Dirt/STEPS Dirt, Walk 21.wav using Guid(ad121e3b0b2bb4101b14a7d170c56e40) Importer(815301076,1909f56bfc062723c751e8b465ee728b)  -> (artifact id: '1ca124dfc39a9a73cb0573861b0df4ae') in 0.019040 seconds 
Number of asset objects unloaded after import = 2
========================================================================
Received Import Request.
  Time since last request: 0.000021 seconds.
  path: Assets/Audio/SFX/Footsteps/Dirt/STEPS Dirt, Walk 29.wav
  artifactKey: Guid(5cc85d8c6364d4ac086f1133081c50da) Importer(815301076,1909f56bfc062723c751e8b465ee728b)
Number of updated assets reloaded before import = 0
Start importing Assets/Audio/SFX/Footsteps/Dirt/STEPS Dirt, Walk 29.wav using Guid(5cc85d8c6364d4ac086f1133081c50da) Importer(815301076,1909f56bfc062723c751e8b465ee728b)  -> (artifact id: '2969a952315684e4367a0689cd1d5044') in 0.017059 seconds 
Number of asset objects unloaded after import = 2
========================================================================
Received Import Request.
  Time since last request: 0.000028 seconds.
  path: Assets/Audio/SFX/Footsteps/Dirt/STEPS Dirt, Walk 17.wav
  artifactKey: Guid(085dc4c494cfe4c4c8df1c4192b19793) Importer(815301076,1909f56bfc062723c751e8b465ee728b)
Number of updated assets reloaded before import = 0
Start importing Assets/Audio/SFX/Footsteps/Dirt/STEPS Dirt, Walk 17.wav using Guid(085dc4c494cfe4c4c8df1c4192b19793) Importer(815301076,1909f56bfc062723c751e8b465ee728b)  -> (artifact id: '917f71339b338b986e0b8242b25cfaf8') in 0.015204 seconds 
Number of asset objects unloaded after import = 2
========================================================================
Received Import Request.
  Time since last request: 0.000021 seconds.
  path: Assets/Audio/SFX/Footsteps/Dirt/STEPS Dirt, Walk 23.wav
  artifactKey: Guid(4592d6e001c0f49d4826678e1bd6f06a) Importer(815301076,1909f56bfc062723c751e8b465ee728b)
Number of updated assets reloaded before import = 0
Start importing Assets/Audio/SFX/Footsteps/Dirt/STEPS Dirt, Walk 23.wav using Guid(4592d6e001c0f49d4826678e1bd6f06a) Importer(815301076,1909f56bfc062723c751e8b465ee728b)  -> (artifact id: '80337b47a21b12d2114a09feabddaa70') in 0.015428 seconds 
Number of asset objects unloaded after import = 2
========================================================================
Received Import Request.
  Time since last request: 0.000023 seconds.
  path: Assets/Audio/SFX/Footsteps/Dirt/STEPS Dirt, Run 22.wav
  artifactKey: Guid(64e6f7b3117824f85b427f6f46b3fc1e) Importer(815301076,1909f56bfc062723c751e8b465ee728b)
Number of updated assets reloaded before import = 0
Start importing Assets/Audio/SFX/Footsteps/Dirt/STEPS Dirt, Run 22.wav using Guid(64e6f7b3117824f85b427f6f46b3fc1e) Importer(815301076,1909f56bfc062723c751e8b465ee728b)  -> (artifact id: 'ac3f667043ff2d283f8ba89f3af7275d') in 0.014818 seconds 
Number of asset objects unloaded after import = 2
========================================================================
Received Import Request.
  Time since last request: 0.000021 seconds.
  path: Assets/Audio/SFX/Footsteps/Dirt/STEPS Dirt, Walk 22.wav
  artifactKey: Guid(e6f4912dc21b44d49a817963068a22c9) Importer(815301076,1909f56bfc062723c751e8b465ee728b)
Number of updated assets reloaded before import = 0
Start importing Assets/Audio/SFX/Footsteps/Dirt/STEPS Dirt, Walk 22.wav using Guid(e6f4912dc21b44d49a817963068a22c9) Importer(815301076,1909f56bfc062723c751e8b465ee728b)  -> (artifact id: '12fa5cfae9c94ca2473e3d2c493754d9') in 0.015465 seconds 
Number of asset objects unloaded after import = 2
========================================================================
Received Import Request.
  Time since last request: 0.000027 seconds.
  path: Assets/Audio/SFX/Footsteps/Dirt/STEPS Dirt, Walk 07.wav
  artifactKey: Guid(fdc2fc8bbd4a54fc7b68f3af72b9fe6d) Importer(815301076,1909f56bfc062723c751e8b465ee728b)
Number of updated assets reloaded before import = 0
Start importing Assets/Audio/SFX/Footsteps/Dirt/STEPS Dirt, Walk 07.wav using Guid(fdc2fc8bbd4a54fc7b68f3af72b9fe6d) Importer(815301076,1909f56bfc062723c751e8b465ee728b)  -> (artifact id: '0aba1d8346cb1a576f9f5cd52a02139a') in 0.016558 seconds 
Number of asset objects unloaded after import = 2
========================================================================
Received Import Request.
  Time since last request: 0.000035 seconds.
  path: Assets/Audio/SFX/Footsteps/Dirt/STEPS Dirt, Walk 14.wav
  artifactKey: Guid(f0257e50801c74e01a83959c9013a062) Importer(815301076,1909f56bfc062723c751e8b465ee728b)
Number of updated assets reloaded before import = 0
Start importing Assets/Audio/SFX/Footsteps/Dirt/STEPS Dirt, Walk 14.wav using Guid(f0257e50801c74e01a83959c9013a062) Importer(815301076,1909f56bfc062723c751e8b465ee728b)  -> (artifact id: 'a0b2a0446790045bfc034a1e8d9badc1') in 0.022491 seconds 
Number of asset objects unloaded after import = 2
========================================================================
Received Import Request.
  Time since last request: 0.000023 seconds.
  path: Assets/Audio/SFX/Footsteps/Dirt/STEPS Dirt, Walk 10.wav
  artifactKey: Guid(c9287c2425d834f84bf7f3244f84e094) Importer(815301076,1909f56bfc062723c751e8b465ee728b)
Number of updated assets reloaded before import = 0
Start importing Assets/Audio/SFX/Footsteps/Dirt/STEPS Dirt, Walk 10.wav using Guid(c9287c2425d834f84bf7f3244f84e094) Importer(815301076,1909f56bfc062723c751e8b465ee728b)  -> (artifact id: '83dbc1273afa21aff8a1220b414d98bd') in 0.017742 seconds 
Number of asset objects unloaded after import = 2
========================================================================
Received Import Request.
  Time since last request: 0.000042 seconds.
  path: Assets/Audio/SFX/Footsteps/Dirt/STEPS Dirt, Walk 30.wav
  artifactKey: Guid(f64ee560ce9b04387a4b5260c76ed498) Importer(815301076,1909f56bfc062723c751e8b465ee728b)
Number of updated assets reloaded before import = 0
Start importing Assets/Audio/SFX/Footsteps/Dirt/STEPS Dirt, Walk 30.wav using Guid(f64ee560ce9b04387a4b5260c76ed498) Importer(815301076,1909f56bfc062723c751e8b465ee728b)  -> (artifact id: '827af396269bec51706b34589b875fa5') in 0.016623 seconds 
Number of asset objects unloaded after import = 2
========================================================================
Received Import Request.
  Time since last request: 0.000025 seconds.
  path: Assets/Audio/SFX/Footsteps/Dirt/STEPS Dirt, Run 20.wav
  artifactKey: Guid(be13fac33292e4ad7b75975784b7080f) Importer(815301076,1909f56bfc062723c751e8b465ee728b)
Number of updated assets reloaded before import = 0
Start importing Assets/Audio/SFX/Footsteps/Dirt/STEPS Dirt, Run 20.wav using Guid(be13fac33292e4ad7b75975784b7080f) Importer(815301076,1909f56bfc062723c751e8b465ee728b)  -> (artifact id: 'b9141eabe88a191c27f7252d0d9a022f') in 0.068178 seconds 
Number of asset objects unloaded after import = 2
========================================================================
Received Import Request.
  Time since last request: 0.000025 seconds.
  path: Assets/Audio/SFX/Footsteps/Dirt/STEPS Dirt, Walk 01.wav
  artifactKey: Guid(8173aa8ab41494e33a18fffb3f9fe6e1) Importer(815301076,1909f56bfc062723c751e8b465ee728b)
Number of updated assets reloaded before import = 0
Start importing Assets/Audio/SFX/Footsteps/Dirt/STEPS Dirt, Walk 01.wav using Guid(8173aa8ab41494e33a18fffb3f9fe6e1) Importer(815301076,1909f56bfc062723c751e8b465ee728b)  -> (artifact id: '3b23183bca149aba7ad863b02cd7f201') in 0.020183 seconds 
Number of asset objects unloaded after import = 2
========================================================================
Received Import Request.
  Time since last request: 0.000024 seconds.
  path: Assets/Audio/SFX/Footsteps/Dirt/STEPS Dirt, Walk 13.wav
  artifactKey: Guid(01cf723e1bb4c4d3c9bdbc3a91d5265d) Importer(815301076,1909f56bfc062723c751e8b465ee728b)
Number of updated assets reloaded before import = 0
Start importing Assets/Audio/SFX/Footsteps/Dirt/STEPS Dirt, Walk 13.wav using Guid(01cf723e1bb4c4d3c9bdbc3a91d5265d) Importer(815301076,1909f56bfc062723c751e8b465ee728b)  -> (artifact id: '8fdc4dbc302469cdf3ccdd415b96248c') in 0.018783 seconds 
Number of asset objects unloaded after import = 2
Editor requested this worker to shutdown with reason: Scaling down because of idle timeout
TcpMessagingSession - receive error: operation aborted. errorcode: 995, details: The I/O operation has been aborted because of either a thread exit or an application request.
AssetImportWorker is now disconnected from the server
Process exiting
Exiting without the bug reporter. Application will terminate with return code 0